[2017-07-31 05:15:40] production.ERROR: exception 'RuntimeException' with message 'The only supported ciphers are AES-128-CBC and AES-256-CBC with the correct key lengths.' in /Users/meaganc/Documents/Personal/Uni/WebDatabaseApplications/Ass1/WebDBAss1/webfiles/vendor/laravel/framework/src/Illuminate/Encryption/Encrypter.php:43
Stack trace:
#0 /Users/meaganc/Documents/Personal/Uni/WebDatabaseApplications/Ass1/WebDBAss1/webfiles/vendor/laravel/framework/src/Illuminate/Encryption/EncryptionServiceProvider.php(27): Illuminate\Encryption\Encrypter->__construct(NULL, 'AES-256-CBC')
#1 /Users/meaganc/Documents/Personal/Uni/WebDatabaseApplications/Ass1/WebDBAss1/webfiles/vendor/laravel/framework/src/Illuminate/Container/Container.php(726): Illuminate\Encryption\EncryptionServiceProvider->Illuminate\Encryption\{closure}(Object(Illuminate\Foundation\Application), Array)
#2 /Users/meaganc/Documents/Personal/Uni/WebDatabaseApplications/Ass1/WebDBAss1/webfiles/vendor/laravel/framework/src/Illuminate/Container/Container.php(608): Illuminate\Container\Container->build(Object(Closure))
#3 /Users/meaganc/Documents/Personal/Uni/WebDatabaseApplications/Ass1/WebDBAss1/webfiles/vendor/laravel/framework/src/Illuminate/Container/Container.php(575): Illuminate\Container\Container->resolve('encrypter')
#4 /Users/meaganc/Documents/Personal/Uni/WebDatabaseApplications/Ass1/WebDBAss1/webfiles/vendor/laravel/framework/src/Illuminate/Foundation/Application.php(728): Illuminate\Container\Container->make('encrypter')
#5 /Users/meaganc/Documents/Personal/Uni/WebDatabaseApplications/Ass1/WebDBAss1/webfiles/vendor/laravel/framework/src/Illuminate/Container/Container.php(862): Illuminate\Foundation\Application->make('Illuminate\\Cont...')
#6 /Users/meaganc/Documents/Personal/Uni/WebDatabaseApplications/Ass1/WebDBAss1/webfiles/vendor/laravel/framework/src/Illuminate/Container/Container.php(790): Illuminate\Container\Container->resolveClass(Object(ReflectionParameter))
#7 /Users/meaganc/Documents/Personal/Uni/WebDatabaseApplications/Ass1/WebDBAss1/webfiles/vendor/laravel/framework/src/Illuminate/Container/Container.php(758): Illuminate\Container\Container->resolveDependencies(Array)
#8 /Users/meaganc/Documents/Personal/Uni/WebDatabaseApplications/Ass1/WebDBAss1/webfiles/vendor/laravel/framework/src/Illuminate/Container/Container.php(608): Illuminate\Container\Container->build('App\\Http\\Middle...')
#9 /Users/meaganc/Documents/Personal/Uni/WebDatabaseApplications/Ass1/WebDBAss1/webfiles/vendor/laravel/framework/src/Illuminate/Container/Container.php(575): Illuminate\Container\Container->resolve('App\\Http\\Middle...')
#10 /Users/meaganc/Documents/Personal/Uni/WebDatabaseApplications/Ass1/WebDBAss1/webfiles/vendor/laravel/framework/src/Illuminate/Foundation/Application.php(728): Illuminate\Container\Container->make('App\\Http\\Middle...')
#11 /Users/meaganc/Documents/Personal/Uni/WebDatabaseApplications/Ass1/WebDBAss1/webfiles/vendor/laravel/framework/src/Illuminate/Pipeline/Pipeline.php(138): Illuminate\Foundation\Application->make('App\\Http\\Middle...')
#12 /Users/meaganc/Documents/Personal/Uni/WebDatabaseApplications/Ass1/WebDBAss1/webfiles/vendor/laravel/framework/src/Illuminate/Routing/Pipeline.php(53): Illuminate\Pipeline\Pipeline->Illuminate\Pipeline\{closure}(Object(Illuminate\Http\Request))
#13 /Users/meaganc/Documents/Personal/Uni/WebDatabaseApplications/Ass1/WebDBAss1/webfiles/vendor/laravel/framework/src/Illuminate/Pipeline/Pipeline.php(102): Illuminate\Routing\Pipeline->Illuminate\Routing\{closure}(Object(Illuminate\Http\Request))
#14 /Users/meaganc/Documents/Personal/Uni/WebDatabaseApplications/Ass1/WebDBAss1/webfiles/vendor/laravel/framework/src/Illuminate/Routing/Router.php(576): Illuminate\Pipeline\Pipeline->then(Object(Closure))
#15 /Users/meaganc/Documents/Personal/Uni/WebDatabaseApplications/Ass1/WebDBAss1/webfiles/vendor/laravel/framework/src/Illuminate/Routing/Router.php(535): Illuminate\Routing\Router->runRouteWithinStack(Object(Illuminate\Routing\Route), Object(Illuminate\Http\Request))
#16 /Users/meaganc/Documents/Personal/Uni/WebDatabaseApplications/Ass1/WebDBAss1/webfiles/vendor/laravel/framework/src/Illuminate/Routing/Router.php(513): Illuminate\Routing\Router->dispatchToRoute(Object(Illuminate\Http\Request))
#17 /Users/meaganc/Documents/Personal/Uni/WebDatabaseApplications/Ass1/WebDBAss1/webfiles/vendor/laravel/framework/src/Illuminate/Foundation/Http/Kernel.php(176): Illuminate\Routing\Router->dispatch(Object(Illuminate\Http\Request))
#18 /Users/meaganc/Documents/Personal/Uni/WebDatabaseApplications/Ass1/WebDBAss1/webfiles/vendor/laravel/framework/src/Illuminate/Routing/Pipeline.php(30): Illuminate\Foundation\Http\Kernel->Illuminate\Foundation\Http\{closure}(Object(Illuminate\Http\Request))
#19 /Users/meaganc/Documents/Personal/Uni/WebDatabaseApplications/Ass1/WebDBAss1/webfiles/vendor/laravel/framework/src/Illuminate/Foundation/Http/Middleware/TransformsRequest.php(30): Illuminate\Routing\Pipeline->Illuminate\Routing\{closure}(Object(Illuminate\Http\Request))
#20 /Users/meaganc/Documents/Personal/Uni/WebDatabaseApplications/Ass1/WebDBAss1/webfiles/vendor/laravel/framework/src/Illuminate/Pipeline/Pipeline.php(148): Illuminate\Foundation\Http\Middleware\TransformsRequest->handle(Object(Illuminate\Http\Request), Object(Closure))
#21 /Users/meaganc/Documents/Personal/Uni/WebDatabaseApplications/Ass1/WebDBAss1/webfiles/vendor/laravel/framework/src/Illuminate/Routing/Pipeline.php(53): Illuminate\Pipeline\Pipeline->Illuminate\Pipeline\{closure}(Object(Illuminate\Http\Request))
#22 /Users/meaganc/Documents/Personal/Uni/WebDatabaseApplications/Ass1/WebDBAss1/webfiles/vendor/laravel/framework/src/Illuminate/Foundation/Http/Middleware/TransformsRequest.php(30): Illuminate\Routing\Pipeline->Illuminate\Routing\{closure}(Object(Illuminate\Http\Request))
#23 /Users/meaganc/Documents/Personal/Uni/WebDatabaseApplications/Ass1/WebDBAss1/webfiles/vendor/laravel/framework/src/Illuminate/Pipeline/Pipeline.php(148): Illuminate\Foundation\Http\Middleware\TransformsRequest->handle(Object(Illuminate\Http\Request), Object(Closure))
#24 /Users/meaganc/Documents/Personal/Uni/WebDatabaseApplications/Ass1/WebDBAss1/webfiles/vendor/laravel/framework/src/Illuminate/Routing/Pipeline.php(53): Illuminate\Pipeline\Pipeline->Illuminate\Pipeline\{closure}(Object(Illuminate\Http\Request))
#25 /Users/meaganc/Documents/Personal/Uni/WebDatabaseApplications/Ass1/WebDBAss1/webfiles/vendor/laravel/framework/src/Illuminate/Foundation/Http/Middleware/ValidatePostSize.php(27): Illuminate\Routing\Pipeline->Illuminate\Routing\{closure}(Object(Illuminate\Http\Request))
#26 /Users/meaganc/Documents/Personal/Uni/WebDatabaseApplications/Ass1/WebDBAss1/webfiles/vendor/laravel/framework/src/Illuminate/Pipeline/Pipeline.php(148): Illuminate\Foundation\Http\Middleware\ValidatePostSize->handle(Object(Illuminate\Http\Request), Object(Closure))
#27 /Users/meaganc/Documents/Personal/Uni/WebDatabaseApplications/Ass1/WebDBAss1/webfiles/vendor/laravel/framework/src/Illuminate/Routing/Pipeline.php(53): Illuminate\Pipeline\Pipeline->Illuminate\Pipeline\{closure}(Object(Illuminate\Http\Request))
#28 /Users/meaganc/Documents/Personal/Uni/WebDatabaseApplications/Ass1/WebDBAss1/webfiles/vendor/laravel/framework/src/Illuminate/Foundation/Http/Middleware/CheckForMaintenanceMode.php(46): Illuminate\Routing\Pipeline->Illuminate\Routing\{closure}(Object(Illuminate\Http\Request))
#29 /Users/meaganc/Documents/Personal/Uni/WebDatabaseApplications/Ass1/WebDBAss1/webfiles/vendor/laravel/framework/src/Illuminate/Pipeline/Pipeline.php(148): Illuminate\Foundation\Http\Middleware\CheckForMaintenanceMode->handle(Object(Illuminate\Http\Request), Object(Closure))
#30 /Users/meaganc/Documents/Personal/Uni/WebDatabaseApplications/Ass1/WebDBAss1/webfiles/vendor/laravel/framework/src/Illuminate/Routing/Pipeline.php(53): Illuminate\Pipeline\Pipeline->Illuminate\Pipeline\{closure}(Object(Illuminate\Http\Request))
#31 /Users/meaganc/Documents/Personal/Uni/WebDatabaseApplications/Ass1/WebDBAss1/webfiles/vendor/laravel/framework/src/Illuminate/Pipeline/Pipeline.php(102): Illuminate\Routing\Pipeline->Illuminate\Routing\{closure}(Object(Illuminate\Http\Request))
#32 /Users/meaganc/Documents/Personal/Uni/WebDatabaseApplications/Ass1/WebDBAss1/webfiles/vendor/laravel/framework/src/Illuminate/Foundation/Http/Kernel.php(151): Illuminate\Pipeline\Pipeline->then(Object(Closure))
#33 /Users/meaganc/Documents/Personal/Uni/WebDatabaseApplications/Ass1/WebDBAss1/webfiles/vendor/laravel/framework/src/Illuminate/Foundation/Http/Kernel.php(116): Illuminate\Foundation\Http\Kernel->sendRequestThroughRouter(Object(Illuminate\Http\Request))
#34 /Users/meaganc/Documents/Personal/Uni/WebDatabaseApplications/Ass1/WebDBAss1/webfiles/public/index.php(54): Illuminate\Foundation\Http\Kernel->handle(Object(Illuminate\Http\Request))
#35 {main}  
[2017-07-31 05:15:40] production.ERROR: exception 'RuntimeException' with message 'The only supported ciphers are AES-128-CBC and AES-256-CBC with the correct key lengths.' in /Users/meaganc/Documents/Personal/Uni/WebDatabaseApplications/Ass1/WebDBAss1/webfiles/vendor/laravel/framework/src/Illuminate/Encryption/Encrypter.php:43
Stack trace:
#0 /Users/meaganc/Documents/Personal/Uni/WebDatabaseApplications/Ass1/WebDBAss1/webfiles/vendor/laravel/framework/src/Illuminate/Encryption/EncryptionServiceProvider.php(27): Illuminate\Encryption\Encrypter->__construct(NULL, 'AES-256-CBC')
#1 /Users/meaganc/Documents/Personal/Uni/WebDatabaseApplications/Ass1/WebDBAss1/webfiles/vendor/laravel/framework/src/Illuminate/Container/Container.php(726): Illuminate\Encryption\EncryptionServiceProvider->Illuminate\Encryption\{closure}(Object(Illuminate\Foundation\Application), Array)
#2 /Users/meaganc/Documents/Personal/Uni/WebDatabaseApplications/Ass1/WebDBAss1/webfiles/vendor/laravel/framework/src/Illuminate/Container/Container.php(608): Illuminate\Container\Container->build(Object(Closure))
#3 /Users/meaganc/Documents/Personal/Uni/WebDatabaseApplications/Ass1/WebDBAss1/webfiles/vendor/laravel/framework/src/Illuminate/Container/Container.php(575): Illuminate\Container\Container->resolve('encrypter')
#4 /Users/meaganc/Documents/Personal/Uni/WebDatabaseApplications/Ass1/WebDBAss1/webfiles/vendor/laravel/framework/src/Illuminate/Foundation/Application.php(728): Illuminate\Container\Container->make('encrypter')
#5 /Users/meaganc/Documents/Personal/Uni/WebDatabaseApplications/Ass1/WebDBAss1/webfiles/vendor/laravel/framework/src/Illuminate/Container/Container.php(862): Illuminate\Foundation\Application->make('Illuminate\\Cont...')
#6 /Users/meaganc/Documents/Personal/Uni/WebDatabaseApplications/Ass1/WebDBAss1/webfiles/vendor/laravel/framework/src/Illuminate/Container/Container.php(790): Illuminate\Container\Container->resolveClass(Object(ReflectionParameter))
#7 /Users/meaganc/Documents/Personal/Uni/WebDatabaseApplications/Ass1/WebDBAss1/webfiles/vendor/laravel/framework/src/Illuminate/Container/Container.php(758): Illuminate\Container\Container->resolveDependencies(Array)
#8 /Users/meaganc/Documents/Personal/Uni/WebDatabaseApplications/Ass1/WebDBAss1/webfiles/vendor/laravel/framework/src/Illuminate/Container/Container.php(608): Illuminate\Container\Container->build('App\\Http\\Middle...')
#9 /Users/meaganc/Documents/Personal/Uni/WebDatabaseApplications/Ass1/WebDBAss1/webfiles/vendor/laravel/framework/src/Illuminate/Container/Container.php(575): Illuminate\Container\Container->resolve('App\\Http\\Middle...')
#10 /Users/meaganc/Documents/Personal/Uni/WebDatabaseApplications/Ass1/WebDBAss1/webfiles/vendor/laravel/framework/src/Illuminate/Foundation/Application.php(728): Illuminate\Container\Container->make('App\\Http\\Middle...')
#11 /Users/meaganc/Documents/Personal/Uni/WebDatabaseApplications/Ass1/WebDBAss1/webfiles/vendor/laravel/framework/src/Illuminate/Foundation/Http/Kernel.php(215): Illuminate\Foundation\Application->make('App\\Http\\Middle...')
#12 /Users/meaganc/Documents/Personal/Uni/WebDatabaseApplications/Ass1/WebDBAss1/webfiles/vendor/laravel/framework/src/Illuminate/Foundation/Http/Kernel.php(189): Illuminate\Foundation\Http\Kernel->terminateMiddleware(Object(Illuminate\Http\Request), Object(Illuminate\Http\Response))
#13 /Users/meaganc/Documents/Personal/Uni/WebDatabaseApplications/Ass1/WebDBAss1/webfiles/public/index.php(58): Illuminate\Foundation\Http\Kernel->terminate(Object(Illuminate\Http\Request), Object(Illuminate\Http\Response))
#14 {main}  
[2017-07-31 05:16:25] production.ERROR: exception 'RuntimeException' with message 'The only supported ciphers are AES-128-CBC and AES-256-CBC with the correct key lengths.' in /Users/meaganc/Documents/Personal/Uni/WebDatabaseApplications/Ass1/WebDBAss1/webfiles/vendor/laravel/framework/src/Illuminate/Encryption/Encrypter.php:43
Stack trace:
#0 /Users/meaganc/Documents/Personal/Uni/WebDatabaseApplications/Ass1/WebDBAss1/webfiles/vendor/laravel/framework/src/Illuminate/Encryption/EncryptionServiceProvider.php(27): Illuminate\Encryption\Encrypter->__construct(NULL, 'AES-256-CBC')
#1 /Users/meaganc/Documents/Personal/Uni/WebDatabaseApplications/Ass1/WebDBAss1/webfiles/vendor/laravel/framework/src/Illuminate/Container/Container.php(726): Illuminate\Encryption\EncryptionServiceProvider->Illuminate\Encryption\{closure}(Object(Illuminate\Foundation\Application), Array)
#2 /Users/meaganc/Documents/Personal/Uni/WebDatabaseApplications/Ass1/WebDBAss1/webfiles/vendor/laravel/framework/src/Illuminate/Container/Container.php(608): Illuminate\Container\Container->build(Object(Closure))
#3 /Users/meaganc/Documents/Personal/Uni/WebDatabaseApplications/Ass1/WebDBAss1/webfiles/vendor/laravel/framework/src/Illuminate/Container/Container.php(575): Illuminate\Container\Container->resolve('encrypter')
#4 /Users/meaganc/Documents/Personal/Uni/WebDatabaseApplications/Ass1/WebDBAss1/webfiles/vendor/laravel/framework/src/Illuminate/Foundation/Application.php(728): Illuminate\Container\Container->make('encrypter')
#5 /Users/meaganc/Documents/Personal/Uni/WebDatabaseApplications/Ass1/WebDBAss1/webfiles/vendor/laravel/framework/src/Illuminate/Container/Container.php(862): Illuminate\Foundation\Application->make('Illuminate\\Cont...')
#6 /Users/meaganc/Documents/Personal/Uni/WebDatabaseApplications/Ass1/WebDBAss1/webfiles/vendor/laravel/framework/src/Illuminate/Container/Container.php(790): Illuminate\Container\Container->resolveClass(Object(ReflectionParameter))
#7 /Users/meaganc/Documents/Personal/Uni/WebDatabaseApplications/Ass1/WebDBAss1/webfiles/vendor/laravel/framework/src/Illuminate/Container/Container.php(758): Illuminate\Container\Container->resolveDependencies(Array)
#8 /Users/meaganc/Documents/Personal/Uni/WebDatabaseApplications/Ass1/WebDBAss1/webfiles/vendor/laravel/framework/src/Illuminate/Container/Container.php(608): Illuminate\Container\Container->build('App\\Http\\Middle...')
#9 /Users/meaganc/Documents/Personal/Uni/WebDatabaseApplications/Ass1/WebDBAss1/webfiles/vendor/laravel/framework/src/Illuminate/Container/Container.php(575): Illuminate\Container\Container->resolve('App\\Http\\Middle...')
#10 /Users/meaganc/Documents/Personal/Uni/WebDatabaseApplications/Ass1/WebDBAss1/webfiles/vendor/laravel/framework/src/Illuminate/Foundation/Application.php(728): Illuminate\Container\Container->make('App\\Http\\Middle...')
#11 /Users/meaganc/Documents/Personal/Uni/WebDatabaseApplications/Ass1/WebDBAss1/webfiles/vendor/laravel/framework/src/Illuminate/Pipeline/Pipeline.php(138): Illuminate\Foundation\Application->make('App\\Http\\Middle...')
#12 /Users/meaganc/Documents/Personal/Uni/WebDatabaseApplications/Ass1/WebDBAss1/webfiles/vendor/laravel/framework/src/Illuminate/Routing/Pipeline.php(53): Illuminate\Pipeline\Pipeline->Illuminate\Pipeline\{closure}(Object(Illuminate\Http\Request))
#13 /Users/meaganc/Documents/Personal/Uni/WebDatabaseApplications/Ass1/WebDBAss1/webfiles/vendor/laravel/framework/src/Illuminate/Pipeline/Pipeline.php(102): Illuminate\Routing\Pipeline->Illuminate\Routing\{closure}(Object(Illuminate\Http\Request))
#14 /Users/meaganc/Documents/Personal/Uni/WebDatabaseApplications/Ass1/WebDBAss1/webfiles/vendor/laravel/framework/src/Illuminate/Routing/Router.php(576): Illuminate\Pipeline\Pipeline->then(Object(Closure))
#15 /Users/meaganc/Documents/Personal/Uni/WebDatabaseApplications/Ass1/WebDBAss1/webfiles/vendor/laravel/framework/src/Illuminate/Routing/Router.php(535): Illuminate\Routing\Router->runRouteWithinStack(Object(Illuminate\Routing\Route), Object(Illuminate\Http\Request))
#16 /Users/meaganc/Documents/Personal/Uni/WebDatabaseApplications/Ass1/WebDBAss1/webfiles/vendor/laravel/framework/src/Illuminate/Routing/Router.php(513): Illuminate\Routing\Router->dispatchToRoute(Object(Illuminate\Http\Request))
#17 /Users/meaganc/Documents/Personal/Uni/WebDatabaseApplications/Ass1/WebDBAss1/webfiles/vendor/laravel/framework/src/Illuminate/Foundation/Http/Kernel.php(176): Illuminate\Routing\Router->dispatch(Object(Illuminate\Http\Request))
#18 /Users/meaganc/Documents/Personal/Uni/WebDatabaseApplications/Ass1/WebDBAss1/webfiles/vendor/laravel/framework/src/Illuminate/Routing/Pipeline.php(30): Illuminate\Foundation\Http\Kernel->Illuminate\Foundation\Http\{closure}(Object(Illuminate\Http\Request))
#19 /Users/meaganc/Documents/Personal/Uni/WebDatabaseApplications/Ass1/WebDBAss1/webfiles/vendor/laravel/framework/src/Illuminate/Foundation/Http/Middleware/TransformsRequest.php(30): Illuminate\Routing\Pipeline->Illuminate\Routing\{closure}(Object(Illuminate\Http\Request))
#20 /Users/meaganc/Documents/Personal/Uni/WebDatabaseApplications/Ass1/WebDBAss1/webfiles/vendor/laravel/framework/src/Illuminate/Pipeline/Pipeline.php(148): Illuminate\Foundation\Http\Middleware\TransformsRequest->handle(Object(Illuminate\Http\Request), Object(Closure))
#21 /Users/meaganc/Documents/Personal/Uni/WebDatabaseApplications/Ass1/WebDBAss1/webfiles/vendor/laravel/framework/src/Illuminate/Routing/Pipeline.php(53): Illuminate\Pipeline\Pipeline->Illuminate\Pipeline\{closure}(Object(Illuminate\Http\Request))
#22 /Users/meaganc/Documents/Personal/Uni/WebDatabaseApplications/Ass1/WebDBAss1/webfiles/vendor/laravel/framework/src/Illuminate/Foundation/Http/Middleware/TransformsRequest.php(30): Illuminate\Routing\Pipeline->Illuminate\Routing\{closure}(Object(Illuminate\Http\Request))
#23 /Users/meaganc/Documents/Personal/Uni/WebDatabaseApplications/Ass1/WebDBAss1/webfiles/vendor/laravel/framework/src/Illuminate/Pipeline/Pipeline.php(148): Illuminate\Foundation\Http\Middleware\TransformsRequest->handle(Object(Illuminate\Http\Request), Object(Closure))
#24 /Users/meaganc/Documents/Personal/Uni/WebDatabaseApplications/Ass1/WebDBAss1/webfiles/vendor/laravel/framework/src/Illuminate/Routing/Pipeline.php(53): Illuminate\Pipeline\Pipeline->Illuminate\Pipeline\{closure}(Object(Illuminate\Http\Request))
#25 /Users/meaganc/Documents/Personal/Uni/WebDatabaseApplications/Ass1/WebDBAss1/webfiles/vendor/laravel/framework/src/Illuminate/Foundation/Http/Middleware/ValidatePostSize.php(27): Illuminate\Routing\Pipeline->Illuminate\Routing\{closure}(Object(Illuminate\Http\Request))
#26 /Users/meaganc/Documents/Personal/Uni/WebDatabaseApplications/Ass1/WebDBAss1/webfiles/vendor/laravel/framework/src/Illuminate/Pipeline/Pipeline.php(148): Illuminate\Foundation\Http\Middleware\ValidatePostSize->handle(Object(Illuminate\Http\Request), Object(Closure))
#27 /Users/meaganc/Documents/Personal/Uni/WebDatabaseApplications/Ass1/WebDBAss1/webfiles/vendor/laravel/framework/src/Illuminate/Routing/Pipeline.php(53): Illuminate\Pipeline\Pipeline->Illuminate\Pipeline\{closure}(Object(Illuminate\Http\Request))
#28 /Users/meaganc/Documents/Personal/Uni/WebDatabaseApplications/Ass1/WebDBAss1/webfiles/vendor/laravel/framework/src/Illuminate/Foundation/Http/Middleware/CheckForMaintenanceMode.php(46): Illuminate\Routing\Pipeline->Illuminate\Routing\{closure}(Object(Illuminate\Http\Request))
#29 /Users/meaganc/Documents/Personal/Uni/WebDatabaseApplications/Ass1/WebDBAss1/webfiles/vendor/laravel/framework/src/Illuminate/Pipeline/Pipeline.php(148): Illuminate\Foundation\Http\Middleware\CheckForMaintenanceMode->handle(Object(Illuminate\Http\Request), Object(Closure))
#30 /Users/meaganc/Documents/Personal/Uni/WebDatabaseApplications/Ass1/WebDBAss1/webfiles/vendor/laravel/framework/src/Illuminate/Routing/Pipeline.php(53): Illuminate\Pipeline\Pipeline->Illuminate\Pipeline\{closure}(Object(Illuminate\Http\Request))
#31 /Users/meaganc/Documents/Personal/Uni/WebDatabaseApplications/Ass1/WebDBAss1/webfiles/vendor/laravel/framework/src/Illuminate/Pipeline/Pipeline.php(102): Illuminate\Routing\Pipeline->Illuminate\Routing\{closure}(Object(Illuminate\Http\Request))
#32 /Users/meaganc/Documents/Personal/Uni/WebDatabaseApplications/Ass1/WebDBAss1/webfiles/vendor/laravel/framework/src/Illuminate/Foundation/Http/Kernel.php(151): Illuminate\Pipeline\Pipeline->then(Object(Closure))
#33 /Users/meaganc/Documents/Personal/Uni/WebDatabaseApplications/Ass1/WebDBAss1/webfiles/vendor/laravel/framework/src/Illuminate/Foundation/Http/Kernel.php(116): Illuminate\Foundation\Http\Kernel->sendRequestThroughRouter(Object(Illuminate\Http\Request))
#34 /Users/meaganc/Documents/Personal/Uni/WebDatabaseApplications/Ass1/WebDBAss1/webfiles/public/index.php(54): Illuminate\Foundation\Http\Kernel->handle(Object(Illuminate\Http\Request))
#35 {main}  
[2017-07-31 05:16:25] production.ERROR: exception 'RuntimeException' with message 'The only supported ciphers are AES-128-CBC and AES-256-CBC with the correct key lengths.' in /Users/meaganc/Documents/Personal/Uni/WebDatabaseApplications/Ass1/WebDBAss1/webfiles/vendor/laravel/framework/src/Illuminate/Encryption/Encrypter.php:43
Stack trace:
#0 /Users/meaganc/Documents/Personal/Uni/WebDatabaseApplications/Ass1/WebDBAss1/webfiles/vendor/laravel/framework/src/Illuminate/Encryption/EncryptionServiceProvider.php(27): Illuminate\Encryption\Encrypter->__construct(NULL, 'AES-256-CBC')
#1 /Users/meaganc/Documents/Personal/Uni/WebDatabaseApplications/Ass1/WebDBAss1/webfiles/vendor/laravel/framework/src/Illuminate/Container/Container.php(726): Illuminate\Encryption\EncryptionServiceProvider->Illuminate\Encryption\{closure}(Object(Illuminate\Foundation\Application), Array)
#2 /Users/meaganc/Documents/Personal/Uni/WebDatabaseApplications/Ass1/WebDBAss1/webfiles/vendor/laravel/framework/src/Illuminate/Container/Container.php(608): Illuminate\Container\Container->build(Object(Closure))
#3 /Users/meaganc/Documents/Personal/Uni/WebDatabaseApplications/Ass1/WebDBAss1/webfiles/vendor/laravel/framework/src/Illuminate/Container/Container.php(575): Illuminate\Container\Container->resolve('encrypter')
#4 /Users/meaganc/Documents/Personal/Uni/WebDatabaseApplications/Ass1/WebDBAss1/webfiles/vendor/laravel/framework/src/Illuminate/Foundation/Application.php(728): Illuminate\Container\Container->make('encrypter')
#5 /Users/meaganc/Documents/Personal/Uni/WebDatabaseApplications/Ass1/WebDBAss1/webfiles/vendor/laravel/framework/src/Illuminate/Container/Container.php(862): Illuminate\Foundation\Application->make('Illuminate\\Cont...')
#6 /Users/meaganc/Documents/Personal/Uni/WebDatabaseApplications/Ass1/WebDBAss1/webfiles/vendor/laravel/framework/src/Illuminate/Container/Container.php(790): Illuminate\Container\Container->resolveClass(Object(ReflectionParameter))
#7 /Users/meaganc/Documents/Personal/Uni/WebDatabaseApplications/Ass1/WebDBAss1/webfiles/vendor/laravel/framework/src/Illuminate/Container/Container.php(758): Illuminate\Container\Container->resolveDependencies(Array)
#8 /Users/meaganc/Documents/Personal/Uni/WebDatabaseApplications/Ass1/WebDBAss1/webfiles/vendor/laravel/framework/src/Illuminate/Container/Container.php(608): Illuminate\Container\Container->build('App\\Http\\Middle...')
#9 /Users/meaganc/Documents/Personal/Uni/WebDatabaseApplications/Ass1/WebDBAss1/webfiles/vendor/laravel/framework/src/Illuminate/Container/Container.php(575): Illuminate\Container\Container->resolve('App\\Http\\Middle...')
#10 /Users/meaganc/Documents/Personal/Uni/WebDatabaseApplications/Ass1/WebDBAss1/webfiles/vendor/laravel/framework/src/Illuminate/Foundation/Application.php(728): Illuminate\Container\Container->make('App\\Http\\Middle...')
#11 /Users/meaganc/Documents/Personal/Uni/WebDatabaseApplications/Ass1/WebDBAss1/webfiles/vendor/laravel/framework/src/Illuminate/Foundation/Http/Kernel.php(215): Illuminate\Foundation\Application->make('App\\Http\\Middle...')
#12 /Users/meaganc/Documents/Personal/Uni/WebDatabaseApplications/Ass1/WebDBAss1/webfiles/vendor/laravel/framework/src/Illuminate/Foundation/Http/Kernel.php(189): Illuminate\Foundation\Http\Kernel->terminateMiddleware(Object(Illuminate\Http\Request), Object(Illuminate\Http\Response))
#13 /Users/meaganc/Documents/Personal/Uni/WebDatabaseApplications/Ass1/WebDBAss1/webfiles/public/index.php(58): Illuminate\Foundation\Http\Kernel->terminate(Object(Illuminate\Http\Request), Object(Illuminate\Http\Response))
#14 {main}  
[2017-08-01 02:25:02] production.ERROR: exception 'RuntimeException' with message 'The only supported ciphers are AES-128-CBC and AES-256-CBC with the correct key lengths.' in /Users/meaganc/Documents/Personal/Uni/WebDatabaseApplications/Ass1/WebDBAss1/webfiles/vendor/laravel/framework/src/Illuminate/Encryption/Encrypter.php:43
Stack trace:
#0 /Users/meaganc/Documents/Personal/Uni/WebDatabaseApplications/Ass1/WebDBAss1/webfiles/vendor/laravel/framework/src/Illuminate/Encryption/EncryptionServiceProvider.php(27): Illuminate\Encryption\Encrypter->__construct(NULL, 'AES-256-CBC')
#1 /Users/meaganc/Documents/Personal/Uni/WebDatabaseApplications/Ass1/WebDBAss1/webfiles/vendor/laravel/framework/src/Illuminate/Container/Container.php(726): Illuminate\Encryption\EncryptionServiceProvider->Illuminate\Encryption\{closure}(Object(Illuminate\Foundation\Application), Array)
#2 /Users/meaganc/Documents/Personal/Uni/WebDatabaseApplications/Ass1/WebDBAss1/webfiles/vendor/laravel/framework/src/Illuminate/Container/Container.php(608): Illuminate\Container\Container->build(Object(Closure))
#3 /Users/meaganc/Documents/Personal/Uni/WebDatabaseApplications/Ass1/WebDBAss1/webfiles/vendor/laravel/framework/src/Illuminate/Container/Container.php(575): Illuminate\Container\Container->resolve('encrypter')
#4 /Users/meaganc/Documents/Personal/Uni/WebDatabaseApplications/Ass1/WebDBAss1/webfiles/vendor/laravel/framework/src/Illuminate/Foundation/Application.php(728): Illuminate\Container\Container->make('encrypter')
#5 /Users/meaganc/Documents/Personal/Uni/WebDatabaseApplications/Ass1/WebDBAss1/webfiles/vendor/laravel/framework/src/Illuminate/Container/Container.php(862): Illuminate\Foundation\Application->make('Illuminate\\Cont...')
#6 /Users/meaganc/Documents/Personal/Uni/WebDatabaseApplications/Ass1/WebDBAss1/webfiles/vendor/laravel/framework/src/Illuminate/Container/Container.php(790): Illuminate\Container\Container->resolveClass(Object(ReflectionParameter))
#7 /Users/meaganc/Documents/Personal/Uni/WebDatabaseApplications/Ass1/WebDBAss1/webfiles/vendor/laravel/framework/src/Illuminate/Container/Container.php(758): Illuminate\Container\Container->resolveDependencies(Array)
#8 /Users/meaganc/Documents/Personal/Uni/WebDatabaseApplications/Ass1/WebDBAss1/webfiles/vendor/laravel/framework/src/Illuminate/Container/Container.php(608): Illuminate\Container\Container->build('App\\Http\\Middle...')
#9 /Users/meaganc/Documents/Personal/Uni/WebDatabaseApplications/Ass1/WebDBAss1/webfiles/vendor/laravel/framework/src/Illuminate/Container/Container.php(575): Illuminate\Container\Container->resolve('App\\Http\\Middle...')
#10 /Users/meaganc/Documents/Personal/Uni/WebDatabaseApplications/Ass1/WebDBAss1/webfiles/vendor/laravel/framework/src/Illuminate/Foundation/Application.php(728): Illuminate\Container\Container->make('App\\Http\\Middle...')
#11 /Users/meaganc/Documents/Personal/Uni/WebDatabaseApplications/Ass1/WebDBAss1/webfiles/vendor/laravel/framework/src/Illuminate/Pipeline/Pipeline.php(138): Illuminate\Foundation\Application->make('App\\Http\\Middle...')
#12 /Users/meaganc/Documents/Personal/Uni/WebDatabaseApplications/Ass1/WebDBAss1/webfiles/vendor/laravel/framework/src/Illuminate/Routing/Pipeline.php(53): Illuminate\Pipeline\Pipeline->Illuminate\Pipeline\{closure}(Object(Illuminate\Http\Request))
#13 /Users/meaganc/Documents/Personal/Uni/WebDatabaseApplications/Ass1/WebDBAss1/webfiles/vendor/laravel/framework/src/Illuminate/Pipeline/Pipeline.php(102): Illuminate\Routing\Pipeline->Illuminate\Routing\{closure}(Object(Illuminate\Http\Request))
#14 /Users/meaganc/Documents/Personal/Uni/WebDatabaseApplications/Ass1/WebDBAss1/webfiles/vendor/laravel/framework/src/Illuminate/Routing/Router.php(576): Illuminate\Pipeline\Pipeline->then(Object(Closure))
#15 /Users/meaganc/Documents/Personal/Uni/WebDatabaseApplications/Ass1/WebDBAss1/webfiles/vendor/laravel/framework/src/Illuminate/Routing/Router.php(535): Illuminate\Routing\Router->runRouteWithinStack(Object(Illuminate\Routing\Route), Object(Illuminate\Http\Request))
#16 /Users/meaganc/Documents/Personal/Uni/WebDatabaseApplications/Ass1/WebDBAss1/webfiles/vendor/laravel/framework/src/Illuminate/Routing/Router.php(513): Illuminate\Routing\Router->dispatchToRoute(Object(Illuminate\Http\Request))
#17 /Users/meaganc/Documents/Personal/Uni/WebDatabaseApplications/Ass1/WebDBAss1/webfiles/vendor/laravel/framework/src/Illuminate/Foundation/Http/Kernel.php(176): Illuminate\Routing\Router->dispatch(Object(Illuminate\Http\Request))
#18 /Users/meaganc/Documents/Personal/Uni/WebDatabaseApplications/Ass1/WebDBAss1/webfiles/vendor/laravel/framework/src/Illuminate/Routing/Pipeline.php(30): Illuminate\Foundation\Http\Kernel->Illuminate\Foundation\Http\{closure}(Object(Illuminate\Http\Request))
#19 /Users/meaganc/Documents/Personal/Uni/WebDatabaseApplications/Ass1/WebDBAss1/webfiles/vendor/laravel/framework/src/Illuminate/Foundation/Http/Middleware/TransformsRequest.php(30): Illuminate\Routing\Pipeline->Illuminate\Routing\{closure}(Object(Illuminate\Http\Request))
#20 /Users/meaganc/Documents/Personal/Uni/WebDatabaseApplications/Ass1/WebDBAss1/webfiles/vendor/laravel/framework/src/Illuminate/Pipeline/Pipeline.php(148): Illuminate\Foundation\Http\Middleware\TransformsRequest->handle(Object(Illuminate\Http\Request), Object(Closure))
#21 /Users/meaganc/Documents/Personal/Uni/WebDatabaseApplications/Ass1/WebDBAss1/webfiles/vendor/laravel/framework/src/Illuminate/Routing/Pipeline.php(53): Illuminate\Pipeline\Pipeline->Illuminate\Pipeline\{closure}(Object(Illuminate\Http\Request))
#22 /Users/meaganc/Documents/Personal/Uni/WebDatabaseApplications/Ass1/WebDBAss1/webfiles/vendor/laravel/framework/src/Illuminate/Foundation/Http/Middleware/TransformsRequest.php(30): Illuminate\Routing\Pipeline->Illuminate\Routing\{closure}(Object(Illuminate\Http\Request))
#23 /Users/meaganc/Documents/Personal/Uni/WebDatabaseApplications/Ass1/WebDBAss1/webfiles/vendor/laravel/framework/src/Illuminate/Pipeline/Pipeline.php(148): Illuminate\Foundation\Http\Middleware\TransformsRequest->handle(Object(Illuminate\Http\Request), Object(Closure))
#24 /Users/meaganc/Documents/Personal/Uni/WebDatabaseApplications/Ass1/WebDBAss1/webfiles/vendor/laravel/framework/src/Illuminate/Routing/Pipeline.php(53): Illuminate\Pipeline\Pipeline->Illuminate\Pipeline\{closure}(Object(Illuminate\Http\Request))
#25 /Users/meaganc/Documents/Personal/Uni/WebDatabaseApplications/Ass1/WebDBAss1/webfiles/vendor/laravel/framework/src/Illuminate/Foundation/Http/Middleware/ValidatePostSize.php(27): Illuminate\Routing\Pipeline->Illuminate\Routing\{closure}(Object(Illuminate\Http\Request))
#26 /Users/meaganc/Documents/Personal/Uni/WebDatabaseApplications/Ass1/WebDBAss1/webfiles/vendor/laravel/framework/src/Illuminate/Pipeline/Pipeline.php(148): Illuminate\Foundation\Http\Middleware\ValidatePostSize->handle(Object(Illuminate\Http\Request), Object(Closure))
#27 /Users/meaganc/Documents/Personal/Uni/WebDatabaseApplications/Ass1/WebDBAss1/webfiles/vendor/laravel/framework/src/Illuminate/Routing/Pipeline.php(53): Illuminate\Pipeline\Pipeline->Illuminate\Pipeline\{closure}(Object(Illuminate\Http\Request))
#28 /Users/meaganc/Documents/Personal/Uni/WebDatabaseApplications/Ass1/WebDBAss1/webfiles/vendor/laravel/framework/src/Illuminate/Foundation/Http/Middleware/CheckForMaintenanceMode.php(46): Illuminate\Routing\Pipeline->Illuminate\Routing\{closure}(Object(Illuminate\Http\Request))
#29 /Users/meaganc/Documents/Personal/Uni/WebDatabaseApplications/Ass1/WebDBAss1/webfiles/vendor/laravel/framework/src/Illuminate/Pipeline/Pipeline.php(148): Illuminate\Foundation\Http\Middleware\CheckForMaintenanceMode->handle(Object(Illuminate\Http\Request), Object(Closure))
#30 /Users/meaganc/Documents/Personal/Uni/WebDatabaseApplications/Ass1/WebDBAss1/webfiles/vendor/laravel/framework/src/Illuminate/Routing/Pipeline.php(53): Illuminate\Pipeline\Pipeline->Illuminate\Pipeline\{closure}(Object(Illuminate\Http\Request))
#31 /Users/meaganc/Documents/Personal/Uni/WebDatabaseApplications/Ass1/WebDBAss1/webfiles/vendor/laravel/framework/src/Illuminate/Pipeline/Pipeline.php(102): Illuminate\Routing\Pipeline->Illuminate\Routing\{closure}(Object(Illuminate\Http\Request))
#32 /Users/meaganc/Documents/Personal/Uni/WebDatabaseApplications/Ass1/WebDBAss1/webfiles/vendor/laravel/framework/src/Illuminate/Foundation/Http/Kernel.php(151): Illuminate\Pipeline\Pipeline->then(Object(Closure))
#33 /Users/meaganc/Documents/Personal/Uni/WebDatabaseApplications/Ass1/WebDBAss1/webfiles/vendor/laravel/framework/src/Illuminate/Foundation/Http/Kernel.php(116): Illuminate\Foundation\Http\Kernel->sendRequestThroughRouter(Object(Illuminate\Http\Request))
#34 /Users/meaganc/Documents/Personal/Uni/WebDatabaseApplications/Ass1/WebDBAss1/webfiles/public/index.php(54): Illuminate\Foundation\Http\Kernel->handle(Object(Illuminate\Http\Request))
#35 {main}  
[2017-08-01 02:25:02] production.ERROR: exception 'RuntimeException' with message 'The only supported ciphers are AES-128-CBC and AES-256-CBC with the correct key lengths.' in /Users/meaganc/Documents/Personal/Uni/WebDatabaseApplications/Ass1/WebDBAss1/webfiles/vendor/laravel/framework/src/Illuminate/Encryption/Encrypter.php:43
Stack trace:
#0 /Users/meaganc/Documents/Personal/Uni/WebDatabaseApplications/Ass1/WebDBAss1/webfiles/vendor/laravel/framework/src/Illuminate/Encryption/EncryptionServiceProvider.php(27): Illuminate\Encryption\Encrypter->__construct(NULL, 'AES-256-CBC')
#1 /Users/meaganc/Documents/Personal/Uni/WebDatabaseApplications/Ass1/WebDBAss1/webfiles/vendor/laravel/framework/src/Illuminate/Container/Container.php(726): Illuminate\Encryption\EncryptionServiceProvider->Illuminate\Encryption\{closure}(Object(Illuminate\Foundation\Application), Array)
#2 /Users/meaganc/Documents/Personal/Uni/WebDatabaseApplications/Ass1/WebDBAss1/webfiles/vendor/laravel/framework/src/Illuminate/Container/Container.php(608): Illuminate\Container\Container->build(Object(Closure))
#3 /Users/meaganc/Documents/Personal/Uni/WebDatabaseApplications/Ass1/WebDBAss1/webfiles/vendor/laravel/framework/src/Illuminate/Container/Container.php(575): Illuminate\Container\Container->resolve('encrypter')
#4 /Users/meaganc/Documents/Personal/Uni/WebDatabaseApplications/Ass1/WebDBAss1/webfiles/vendor/laravel/framework/src/Illuminate/Foundation/Application.php(728): Illuminate\Container\Container->make('encrypter')
#5 /Users/meaganc/Documents/Personal/Uni/WebDatabaseApplications/Ass1/WebDBAss1/webfiles/vendor/laravel/framework/src/Illuminate/Container/Container.php(862): Illuminate\Foundation\Application->make('Illuminate\\Cont...')
#6 /Users/meaganc/Documents/Personal/Uni/WebDatabaseApplications/Ass1/WebDBAss1/webfiles/vendor/laravel/framework/src/Illuminate/Container/Container.php(790): Illuminate\Container\Container->resolveClass(Object(ReflectionParameter))
#7 /Users/meaganc/Documents/Personal/Uni/WebDatabaseApplications/Ass1/WebDBAss1/webfiles/vendor/laravel/framework/src/Illuminate/Container/Container.php(758): Illuminate\Container\Container->resolveDependencies(Array)
#8 /Users/meaganc/Documents/Personal/Uni/WebDatabaseApplications/Ass1/WebDBAss1/webfiles/vendor/laravel/framework/src/Illuminate/Container/Container.php(608): Illuminate\Container\Container->build('App\\Http\\Middle...')
#9 /Users/meaganc/Documents/Personal/Uni/WebDatabaseApplications/Ass1/WebDBAss1/webfiles/vendor/laravel/framework/src/Illuminate/Container/Container.php(575): Illuminate\Container\Container->resolve('App\\Http\\Middle...')
#10 /Users/meaganc/Documents/Personal/Uni/WebDatabaseApplications/Ass1/WebDBAss1/webfiles/vendor/laravel/framework/src/Illuminate/Foundation/Application.php(728): Illuminate\Container\Container->make('App\\Http\\Middle...')
#11 /Users/meaganc/Documents/Personal/Uni/WebDatabaseApplications/Ass1/WebDBAss1/webfiles/vendor/laravel/framework/src/Illuminate/Foundation/Http/Kernel.php(215): Illuminate\Foundation\Application->make('App\\Http\\Middle...')
#12 /Users/meaganc/Documents/Personal/Uni/WebDatabaseApplications/Ass1/WebDBAss1/webfiles/vendor/laravel/framework/src/Illuminate/Foundation/Http/Kernel.php(189): Illuminate\Foundation\Http\Kernel->terminateMiddleware(Object(Illuminate\Http\Request), Object(Illuminate\Http\Response))
#13 /Users/meaganc/Documents/Personal/Uni/WebDatabaseApplications/Ass1/WebDBAss1/webfiles/public/index.php(58): Illuminate\Foundation\Http\Kernel->terminate(Object(Illuminate\Http\Request), Object(Illuminate\Http\Response))
#14 {main}  
[2017-08-01 02:54:48] local.ERROR: exception 'RuntimeException' with message 'The only supported ciphers are AES-128-CBC and AES-256-CBC with the correct key lengths.' in /Applications/XAMPP/xamppfiles/htdocs/WebDBAss1/webfiles/vendor/laravel/framework/src/Illuminate/Encryption/Encrypter.php:43
Stack trace:
#0 /Applications/XAMPP/xamppfiles/htdocs/WebDBAss1/webfiles/vendor/laravel/framework/src/Illuminate/Encryption/EncryptionServiceProvider.php(27): Illuminate\Encryption\Encrypter->__construct('', 'AES-256-CBC')
#1 /Applications/XAMPP/xamppfiles/htdocs/WebDBAss1/webfiles/vendor/laravel/framework/src/Illuminate/Container/Container.php(726): Illuminate\Encryption\EncryptionServiceProvider->Illuminate\Encryption\{closure}(Object(Illuminate\Foundation\Application), Array)
#2 /Applications/XAMPP/xamppfiles/htdocs/WebDBAss1/webfiles/vendor/laravel/framework/src/Illuminate/Container/Container.php(608): Illuminate\Container\Container->build(Object(Closure))
#3 /Applications/XAMPP/xamppfiles/htdocs/WebDBAss1/webfiles/vendor/laravel/framework/src/Illuminate/Container/Container.php(575): Illuminate\Container\Container->resolve('encrypter')
#4 /Applications/XAMPP/xamppfiles/htdocs/WebDBAss1/webfiles/vendor/laravel/framework/src/Illuminate/Foundation/Application.php(728): Illuminate\Container\Container->make('encrypter')
#5 /Applications/XAMPP/xamppfiles/htdocs/WebDBAss1/webfiles/vendor/laravel/framework/src/Illuminate/Container/Container.php(862): Illuminate\Foundation\Application->make('Illuminate\\Cont...')
#6 /Applications/XAMPP/xamppfiles/htdocs/WebDBAss1/webfiles/vendor/laravel/framework/src/Illuminate/Container/Container.php(790): Illuminate\Container\Container->resolveClass(Object(ReflectionParameter))
#7 /Applications/XAMPP/xamppfiles/htdocs/WebDBAss1/webfiles/vendor/laravel/framework/src/Illuminate/Container/Container.php(758): Illuminate\Container\Container->resolveDependencies(Array)
#8 /Applications/XAMPP/xamppfiles/htdocs/WebDBAss1/webfiles/vendor/laravel/framework/src/Illuminate/Container/Container.php(608): Illuminate\Container\Container->build('App\\Http\\Middle...')
#9 /Applications/XAMPP/xamppfiles/htdocs/WebDBAss1/webfiles/vendor/laravel/framework/src/Illuminate/Container/Container.php(575): Illuminate\Container\Container->resolve('App\\Http\\Middle...')
#10 /Applications/XAMPP/xamppfiles/htdocs/WebDBAss1/webfiles/vendor/laravel/framework/src/Illuminate/Foundation/Application.php(728): Illuminate\Container\Container->make('App\\Http\\Middle...')
#11 /Applications/XAMPP/xamppfiles/htdocs/WebDBAss1/webfiles/vendor/laravel/framework/src/Illuminate/Pipeline/Pipeline.php(138): Illuminate\Foundation\Application->make('App\\Http\\Middle...')
#12 /Applications/XAMPP/xamppfiles/htdocs/WebDBAss1/webfiles/vendor/laravel/framework/src/Illuminate/Routing/Pipeline.php(53): Illuminate\Pipeline\Pipeline->Illuminate\Pipeline\{closure}(Object(Illuminate\Http\Request))
#13 /Applications/XAMPP/xamppfiles/htdocs/WebDBAss1/webfiles/vendor/laravel/framework/src/Illuminate/Pipeline/Pipeline.php(102): Illuminate\Routing\Pipeline->Illuminate\Routing\{closure}(Object(Illuminate\Http\Request))
#14 /Applications/XAMPP/xamppfiles/htdocs/WebDBAss1/webfiles/vendor/laravel/framework/src/Illuminate/Routing/Router.php(576): Illuminate\Pipeline\Pipeline->then(Object(Closure))
#15 /Applications/XAMPP/xamppfiles/htdocs/WebDBAss1/webfiles/vendor/laravel/framework/src/Illuminate/Routing/Router.php(535): Illuminate\Routing\Router->runRouteWithinStack(Object(Illuminate\Routing\Route), Object(Illuminate\Http\Request))
#16 /Applications/XAMPP/xamppfiles/htdocs/WebDBAss1/webfiles/vendor/laravel/framework/src/Illuminate/Routing/Router.php(513): Illuminate\Routing\Router->dispatchToRoute(Object(Illuminate\Http\Request))
#17 /Applications/XAMPP/xamppfiles/htdocs/WebDBAss1/webfiles/vendor/laravel/framework/src/Illuminate/Foundation/Http/Kernel.php(176): Illuminate\Routing\Router->dispatch(Object(Illuminate\Http\Request))
#18 /Applications/XAMPP/xamppfiles/htdocs/WebDBAss1/webfiles/vendor/laravel/framework/src/Illuminate/Routing/Pipeline.php(30): Illuminate\Foundation\Http\Kernel->Illuminate\Foundation\Http\{closure}(Object(Illuminate\Http\Request))
#19 /Applications/XAMPP/xamppfiles/htdocs/WebDBAss1/webfiles/vendor/laravel/framework/src/Illuminate/Foundation/Http/Middleware/TransformsRequest.php(30): Illuminate\Routing\Pipeline->Illuminate\Routing\{closure}(Object(Illuminate\Http\Request))
#20 /Applications/XAMPP/xamppfiles/htdocs/WebDBAss1/webfiles/vendor/laravel/framework/src/Illuminate/Pipeline/Pipeline.php(148): Illuminate\Foundation\Http\Middleware\TransformsRequest->handle(Object(Illuminate\Http\Request), Object(Closure))
#21 /Applications/XAMPP/xamppfiles/htdocs/WebDBAss1/webfiles/vendor/laravel/framework/src/Illuminate/Routing/Pipeline.php(53): Illuminate\Pipeline\Pipeline->Illuminate\Pipeline\{closure}(Object(Illuminate\Http\Request))
#22 /Applications/XAMPP/xamppfiles/htdocs/WebDBAss1/webfiles/vendor/laravel/framework/src/Illuminate/Foundation/Http/Middleware/TransformsRequest.php(30): Illuminate\Routing\Pipeline->Illuminate\Routing\{closure}(Object(Illuminate\Http\Request))
#23 /Applications/XAMPP/xamppfiles/htdocs/WebDBAss1/webfiles/vendor/laravel/framework/src/Illuminate/Pipeline/Pipeline.php(148): Illuminate\Foundation\Http\Middleware\TransformsRequest->handle(Object(Illuminate\Http\Request), Object(Closure))
#24 /Applications/XAMPP/xamppfiles/htdocs/WebDBAss1/webfiles/vendor/laravel/framework/src/Illuminate/Routing/Pipeline.php(53): Illuminate\Pipeline\Pipeline->Illuminate\Pipeline\{closure}(Object(Illuminate\Http\Request))
#25 /Applications/XAMPP/xamppfiles/htdocs/WebDBAss1/webfiles/vendor/laravel/framework/src/Illuminate/Foundation/Http/Middleware/ValidatePostSize.php(27): Illuminate\Routing\Pipeline->Illuminate\Routing\{closure}(Object(Illuminate\Http\Request))
#26 /Applications/XAMPP/xamppfiles/htdocs/WebDBAss1/webfiles/vendor/laravel/framework/src/Illuminate/Pipeline/Pipeline.php(148): Illuminate\Foundation\Http\Middleware\ValidatePostSize->handle(Object(Illuminate\Http\Request), Object(Closure))
#27 /Applications/XAMPP/xamppfiles/htdocs/WebDBAss1/webfiles/vendor/laravel/framework/src/Illuminate/Routing/Pipeline.php(53): Illuminate\Pipeline\Pipeline->Illuminate\Pipeline\{closure}(Object(Illuminate\Http\Request))
#28 /Applications/XAMPP/xamppfiles/htdocs/WebDBAss1/webfiles/vendor/laravel/framework/src/Illuminate/Foundation/Http/Middleware/CheckForMaintenanceMode.php(46): Illuminate\Routing\Pipeline->Illuminate\Routing\{closure}(Object(Illuminate\Http\Request))
#29 /Applications/XAMPP/xamppfiles/htdocs/WebDBAss1/webfiles/vendor/laravel/framework/src/Illuminate/Pipeline/Pipeline.php(148): Illuminate\Foundation\Http\Middleware\CheckForMaintenanceMode->handle(Object(Illuminate\Http\Request), Object(Closure))
#30 /Applications/XAMPP/xamppfiles/htdocs/WebDBAss1/webfiles/vendor/laravel/framework/src/Illuminate/Routing/Pipeline.php(53): Illuminate\Pipeline\Pipeline->Illuminate\Pipeline\{closure}(Object(Illuminate\Http\Request))
#31 /Applications/XAMPP/xamppfiles/htdocs/WebDBAss1/webfiles/vendor/laravel/framework/src/Illuminate/Pipeline/Pipeline.php(102): Illuminate\Routing\Pipeline->Illuminate\Routing\{closure}(Object(Illuminate\Http\Request))
#32 /Applications/XAMPP/xamppfiles/htdocs/WebDBAss1/webfiles/vendor/laravel/framework/src/Illuminate/Foundation/Http/Kernel.php(151): Illuminate\Pipeline\Pipeline->then(Object(Closure))
#33 /Applications/XAMPP/xamppfiles/htdocs/WebDBAss1/webfiles/vendor/laravel/framework/src/Illuminate/Foundation/Http/Kernel.php(116): Illuminate\Foundation\Http\Kernel->sendRequestThroughRouter(Object(Illuminate\Http\Request))
#34 /Applications/XAMPP/xamppfiles/htdocs/WebDBAss1/webfiles/public/index.php(54): Illuminate\Foundation\Http\Kernel->handle(Object(Illuminate\Http\Request))
#35 {main}  
[2017-08-01 02:54:48] local.ERROR: exception 'RuntimeException' with message 'The only supported ciphers are AES-128-CBC and AES-256-CBC with the correct key lengths.' in /Applications/XAMPP/xamppfiles/htdocs/WebDBAss1/webfiles/vendor/laravel/framework/src/Illuminate/Encryption/Encrypter.php:43
Stack trace:
#0 /Applications/XAMPP/xamppfiles/htdocs/WebDBAss1/webfiles/vendor/laravel/framework/src/Illuminate/Encryption/EncryptionServiceProvider.php(27): Illuminate\Encryption\Encrypter->__construct('', 'AES-256-CBC')
#1 /Applications/XAMPP/xamppfiles/htdocs/WebDBAss1/webfiles/vendor/laravel/framework/src/Illuminate/Container/Container.php(726): Illuminate\Encryption\EncryptionServiceProvider->Illuminate\Encryption\{closure}(Object(Illuminate\Foundation\Application), Array)
#2 /Applications/XAMPP/xamppfiles/htdocs/WebDBAss1/webfiles/vendor/laravel/framework/src/Illuminate/Container/Container.php(608): Illuminate\Container\Container->build(Object(Closure))
#3 /Applications/XAMPP/xamppfiles/htdocs/WebDBAss1/webfiles/vendor/laravel/framework/src/Illuminate/Container/Container.php(575): Illuminate\Container\Container->resolve('encrypter')
#4 /Applications/XAMPP/xamppfiles/htdocs/WebDBAss1/webfiles/vendor/laravel/framework/src/Illuminate/Foundation/Application.php(728): Illuminate\Container\Container->make('encrypter')
#5 /Applications/XAMPP/xamppfiles/htdocs/WebDBAss1/webfiles/vendor/laravel/framework/src/Illuminate/Container/Container.php(862): Illuminate\Foundation\Application->make('Illuminate\\Cont...')
#6 /Applications/XAMPP/xamppfiles/htdocs/WebDBAss1/webfiles/vendor/laravel/framework/src/Illuminate/Container/Container.php(790): Illuminate\Container\Container->resolveClass(Object(ReflectionParameter))
#7 /Applications/XAMPP/xamppfiles/htdocs/WebDBAss1/webfiles/vendor/laravel/framework/src/Illuminate/Container/Container.php(758): Illuminate\Container\Container->resolveDependencies(Array)
#8 /Applications/XAMPP/xamppfiles/htdocs/WebDBAss1/webfiles/vendor/laravel/framework/src/Illuminate/Container/Container.php(608): Illuminate\Container\Container->build('App\\Http\\Middle...')
#9 /Applications/XAMPP/xamppfiles/htdocs/WebDBAss1/webfiles/vendor/laravel/framework/src/Illuminate/Container/Container.php(575): Illuminate\Container\Container->resolve('App\\Http\\Middle...')
#10 /Applications/XAMPP/xamppfiles/htdocs/WebDBAss1/webfiles/vendor/laravel/framework/src/Illuminate/Foundation/Application.php(728): Illuminate\Container\Container->make('App\\Http\\Middle...')
#11 /Applications/XAMPP/xamppfiles/htdocs/WebDBAss1/webfiles/vendor/laravel/framework/src/Illuminate/Foundation/Http/Kernel.php(215): Illuminate\Foundation\Application->make('App\\Http\\Middle...')
#12 /Applications/XAMPP/xamppfiles/htdocs/WebDBAss1/webfiles/vendor/laravel/framework/src/Illuminate/Foundation/Http/Kernel.php(189): Illuminate\Foundation\Http\Kernel->terminateMiddleware(Object(Illuminate\Http\Request), Object(Illuminate\Http\Response))
#13 /Applications/XAMPP/xamppfiles/htdocs/WebDBAss1/webfiles/public/index.php(58): Illuminate\Foundation\Http\Kernel->terminate(Object(Illuminate\Http\Request), Object(Illuminate\Http\Response))
#14 {main}  
